================================================================================
HPLinpack 2.3  --  High-Performance Linpack benchmark  --   December 2, 2018
Written by A. Petitet and R. Clint Whaley,  Innovative Computing Laboratory, UTK
Modified by Piotr Luszczek, Innovative Computing Laboratory, UTK
Modified by Julien Langou, University of Colorado Denver
================================================================================

An explanation of the input/output parameters follows:
T/V    : Wall time / encoded variant.
N      : The order of the coefficient matrix A.
NB     : The partitioning blocking factor.
P      : The number of process rows.
Q      : The number of process columns.
Time   : Time in seconds to solve the linear system.
Gflops : Rate of execution for solving the linear system.

The following parameter values will be used:

N        :  125440   125568   125696 
NB       :     256 
PMAP     : Row-major process mapping
P        :       2 
Q        :       2 
PFACT    :   Right 
NBMIN    :       2 
NDIV     :       2 
RFACT    :   Right 
BCAST    :  1ringM 
DEPTH    :       1 
SWAP     : Spread-roll (long)
L1       : transposed form
U        : transposed form
EQUIL    : yes
ALIGN    :    8 double precision words

--------------------------------------------------------------------------------

- The matrix A is randomly generated for each test.
- The following scaled residual check will be computed:
      ||Ax-b||_oo / ( eps * ( || x ||_oo * || A ||_oo + || b ||_oo ) * N )
- The relative machine precision (eps) is taken to be               1.110223e-16
- Computational tests pass if scaled residuals are less than                16.0

================================================================================
T/V                N    NB     P     Q               Time                 Gflops
--------------------------------------------------------------------------------
WR11R2R2      125440   256     2     2            2047.32            6.42747e+02
HPL_pdgesv() start time Sun Aug  8 10:10:07 2021

HPL_pdgesv() end time   Sun Aug  8 10:44:15 2021

--------------------------------------------------------------------------------
||Ax-b||_oo/(eps*(||A||_oo*||x||_oo+||b||_oo)*N)=   4.31362182e-03 ...... PASSED
================================================================================
T/V                N    NB     P     Q               Time                 Gflops
--------------------------------------------------------------------------------
WR11R2R2      125568   256     2     2            2056.57            6.41814e+02
HPL_pdgesv() start time Sun Aug  8 10:45:35 2021

HPL_pdgesv() end time   Sun Aug  8 11:19:52 2021

--------------------------------------------------------------------------------
||Ax-b||_oo/(eps*(||A||_oo*||x||_oo+||b||_oo)*N)=   3.63496412e-03 ...... PASSED
================================================================================
T/V                N    NB     P     Q               Time                 Gflops
--------------------------------------------------------------------------------
WR11R2R2      125696   256     2     2            2110.95            6.27196e+02
HPL_pdgesv() start time Sun Aug  8 11:21:11 2021

HPL_pdgesv() end time   Sun Aug  8 11:56:22 2021

--------------------------------------------------------------------------------
||Ax-b||_oo/(eps*(||A||_oo*||x||_oo+||b||_oo)*N)=   3.72913006e-03 ...... PASSED
================================================================================

Finished      3 tests with the following results:
              3 tests completed and passed residual checks,
              0 tests completed and failed residual checks,
              0 tests skipped because of illegal input values.
--------------------------------------------------------------------------------

End of Tests.
================================================================================
